<?xml version="1.0" encoding="UTF-8"?>
<!-- Generated by org.testng.reporters.JUnitReportReporter -->
<testsuite skipped="0" hostname="balaji-27" name="com.crm.qa.testcases.HomePageTest" tests="3" failures="0" timestamp="27 Oct 2018 13:19:54 GMT" time="65.915" errors="0">
  <testcase name="verifyhomepagetitleTest" time="21.833" classname="com.crm.qa.testcases.HomePageTest"/>
  <testcase name="verifyusernameLabelTest" time="21.946" classname="com.crm.qa.testcases.HomePageTest"/>
  <testcase name="verifyContactsLink" time="22.136" classname="com.crm.qa.testcases.HomePageTest"/>
</testsuite> <!-- com.crm.qa.testcases.HomePageTest -->
