<?xml version="1.0" encoding="UTF-8"?>
<!-- Generated by org.testng.reporters.JUnitReportReporter -->
<testsuite skipped="0" hostname="balaji-27" name="com.crm.qa.testcases.LoginPageTest" tests="3" failures="0" timestamp="27 Oct 2018 13:19:54 GMT" time="51.370" errors="0">
  <testcase name="loginpageTitletest" time="13.452" classname="com.crm.qa.testcases.LoginPageTest"/>
  <testcase name="loginCRMlogoTest" time="14.495" classname="com.crm.qa.testcases.LoginPageTest"/>
  <testcase name="logintest" time="23.423" classname="com.crm.qa.testcases.LoginPageTest"/>
</testsuite> <!-- com.crm.qa.testcases.LoginPageTest -->
