<?xml version="1.0" encoding="UTF-8"?>
<!-- Generated by org.testng.reporters.JUnitReportReporter -->
<testsuite skipped="0" hostname="balaji-27" name="com.crm.qa.testcases.ContactsPageTest" tests="2" failures="0" timestamp="27 Oct 2018 13:19:54 GMT" time="70.979" errors="0">
  <testcase name="validateNewcontact" time="34.240" classname="com.crm.qa.testcases.ContactsPageTest"/>
  <testcase name="validateNewcontact" time="36.739" classname="com.crm.qa.testcases.ContactsPageTest"/>
</testsuite> <!-- com.crm.qa.testcases.ContactsPageTest -->
